<?xml version="1.0" encoding="UTF-8"?>
<!-- Generated by org.testng.reporters.JUnitReportReporter -->
<testsuite hostname="sumaia-HP" name="framework.borland.Borland_002" tests="1" failures="0" timestamp="2 Sep 2015 03:51:16 GMT" time="14.389" errors="0">
  <testcase name="onlinecatalog" time="14.389" classname="framework.borland.Borland_002"/>
</testsuite> <!-- framework.borland.Borland_002 -->
