<?xml version="1.0" encoding="UTF-8"?>
<!-- Generated by org.testng.reporters.JUnitReportReporter -->
<testsuite hostname="sumaia-HP" name="frameworkborland.Borland_001" tests="3" failures="0" timestamp="2 Sep 2015 06:44:14 GMT" time="51.014" errors="0">
  <testcase name="about_gmo_site" time="7.946" classname="frameworkborland.Borland_001"/>
  <testcase name="billinginfo" time="35.069" classname="frameworkborland.Borland_001"/>
  <testcase name="browser_test_page" time="7.999" classname="frameworkborland.Borland_001"/>
</testsuite> <!-- frameworkborland.Borland_001 -->
