<?xml version="1.0" encoding="UTF-8"?>
<!-- Generated by org.testng.reporters.JUnitReportReporter -->
<testsuite hostname="sumaia-HP" name="frameworkborland.GmailTest_002" tests="1" failures="0" timestamp="2 Sep 2015 05:44:01 GMT" time="16.835" errors="0">
  <testcase name="login" time="16.835" classname="frameworkborland.GmailTest_002"/>
</testsuite> <!-- frameworkborland.GmailTest_002 -->
