<?xml version="1.0" encoding="UTF-8"?>
<!-- Generated by org.testng.reporters.JUnitReportReporter -->
<testsuite hostname="sumaia-HP" name="framework.borland.BorlandFram" tests="1" failures="0" timestamp="2 Sep 2015 03:11:29 GMT" time="13.548" errors="0">
  <testcase name="onlinecatalog" time="13.548" classname="framework.borland.BorlandFram"/>
</testsuite> <!-- framework.borland.BorlandFram -->
