<?xml version="1.0" encoding="UTF-8"?>
<!-- Generated by org.testng.reporters.JUnitReportReporter -->
<testsuite hostname="sumaia-HP" name="frameworkborland.Borland_002" tests="1" failures="0" timestamp="2 Sep 2015 04:16:26 GMT" time="11.806" errors="0">
  <testcase name="onlinecatalog" time="11.806" classname="frameworkborland.Borland_002"/>
</testsuite> <!-- frameworkborland.Borland_002 -->
